[debug] [2020-12-10T17:59:59.733Z] ----------------------------------------------------------------------
[debug] [2020-12-10T17:59:59.734Z] Command:       /home/zjschulz/.config/nvm/versions/node/v14.4.0/bin/node /home/zjschulz/.config/nvm/versions/node/v14.4.0/bin/firebase init
[debug] [2020-12-10T17:59:59.735Z] CLI Version:   8.18.1
[debug] [2020-12-10T17:59:59.735Z] Platform:      linux
[debug] [2020-12-10T17:59:59.735Z] Node Version:  v14.4.0
[debug] [2020-12-10T17:59:59.735Z] Time:          Thu Dec 10 2020 17:59:59 GMT+0000 (GMT)
[debug] [2020-12-10T17:59:59.735Z] ----------------------------------------------------------------------
[debug] [2020-12-10T17:59:59.735Z] 
[debug] [2020-12-10T17:59:59.738Z] > command requires scopes: ["email","openid","https://www.googleapis.com/auth/cloudplatformprojects.readonly","https://www.googleapis.com/auth/firebase","https://www.googleapis.com/auth/cloud-platform"]
[debug] [2020-12-10T17:59:59.738Z] > authorizing via signed-in user
[info] 
     ######## #### ########  ######## ########     ###     ######  ########
     ##        ##  ##     ## ##       ##     ##  ##   ##  ##       ##
     ######    ##  ########  ######   ########  #########  ######  ######
     ##        ##  ##    ##  ##       ##     ## ##     ##       ## ##
     ##       #### ##     ## ######## ########  ##     ##  ######  ########

You're about to initialize a Firebase project in this directory:

  /home/zjschulz/code/labs/Udemy/recipe-book

[info] 
=== Project Setup
[info] 
[info] First, let's associate this project directory with a Firebase project.
[info] You can create multiple project aliases by running firebase use --add, 
[info] but for now we'll just set up a default project.
[info] 
[debug] [2020-12-10T18:00:14.351Z] >>> HTTP REQUEST GET https://firebase.googleapis.com/v1beta1/projects?pageSize=100  
 
[debug] [2020-12-10T18:00:14.641Z] <<< HTTP RESPONSE 200 {"content-type":"application/json; charset=UTF-8","vary":"X-Origin, Referer, Origin,Accept-Encoding","date":"Thu, 10 Dec 2020 18:00:14 GMT","server":"ESF","cache-control":"private","x-xss-protection":"0","x-frame-options":"SAMEORIGIN","x-content-type-options":"nosniff","alt-svc":"h3-29=\":443\"; ma=2592000,h3-T051=\":443\"; ma=2592000,h3-Q050=\":443\"; ma=2592000,h3-Q046=\":443\"; ma=2592000,h3-Q043=\":443\"; ma=2592000,quic=\":443\"; ma=2592000; v=\"46,43\"","accept-ranges":"none","transfer-encoding":"chunked"}
[info] i  Using project recipe-book-b0e4b (recipe-book) 
[info] 
=== Hosting Setup
[info] 
[info] Your public directory is the folder (relative to your project directory) that
[info] will contain Hosting assets to be uploaded with firebase deploy. If you
[info] have a build process for your assets, use your build's output directory.
[info] 
[debug] [2020-12-10T18:00:27.468Z] >>> [apiv2][query] GET https://www.gstatic.com/firebasejs/releases.json [none]
[debug] [2020-12-10T18:00:27.584Z] <<< [apiv2][status] GET https://www.gstatic.com/firebasejs/releases.json 200
[debug] [2020-12-10T18:00:27.584Z] <<< [apiv2][body] GET https://www.gstatic.com/firebasejs/releases.json {"current":{"version":"8.1.2","browserURL":"https://www.gstatic.com/firebasejs/8.1.2/firebase.js","packageURL":"https://www.gstatic.com/firebasejs/8.1.2/firebase.tgz"},"live":{"version":"8.1","browserURL":"https://www.gstatic.com/firebasejs/live/8.1/firebase.js","packageURL":"https://www.gstatic.com/firebasejs/live/8.1/firebase.tgz"},"components":{"analytics":"https://www.gstatic.com/firebasejs/8.1.2/firebase-analytics.js","app":"https://www.gstatic.com/firebasejs/8.1.2/firebase-app.js","auth":"https://www.gstatic.com/firebasejs/8.1.2/firebase-auth.js","database":"https://www.gstatic.com/firebasejs/8.1.2/firebase-database.js","firestore":"https://www.gstatic.com/firebasejs/8.1.2/firebase-firestore.js","functions":"https://www.gstatic.com/firebasejs/8.1.2/firebase-functions.js","installations":"https://www.gstatic.com/firebasejs/8.1.2/firebase-installations.js","messaging":"https://www.gstatic.com/firebasejs/8.1.2/firebase-messaging.js","storage":"https://www.gstatic.com/firebasejs/8.1.2/firebase-storage.js","performance":"https://www.gstatic.com/firebasejs/8.1.2/firebase-performance.js","remote-config":"https://www.gstatic.com/firebasejs/8.1.2/firebase-remote-config.js","firestore.memory":"https://www.gstatic.com/firebasejs/8.1.2/firebase-firestore.memory.js"}}
[info] i  Skipping write of dist/recipe-book/index.html 
[info] 
[info] i  Detected a .git folder at /home/zjschulz/code/labs/Udemy/recipe-book 
[info] i  Authorizing with GitHub to upload your service account to a GitHub repository's secrets store. 
[info] 
[info] Visit this URL on this device to log in:
[info] https://github.com/login/oauth/authorize?client_id=89cf50f02ac6aaed3484&state=88123215&redirect_uri=http%3A%2F%2Flocalhost%3A9005&scope=read%3Auser%20repo%20public_repo
[info] 
[info] Waiting for authentication...
[debug] [2020-12-10T18:00:32.446Z] >>> HTTP REQUEST POST https://github.com/login/oauth/access_token  
 {"client_id":"89cf50f02ac6aaed3484","client_secret":"3330d14abc895d9a74d5f17cd7a00711fa2c5bf0","code":"3caf72ec8efddb1b4d84","redirect_uri":"http://localhost:9005","state":"88123215"}
[debug] [2020-12-10T18:00:32.662Z] <<< HTTP RESPONSE 200 {"server":"GitHub.com","date":"Thu, 10 Dec 2020 18:00:32 GMT","content-type":"application/json; charset=utf-8","transfer-encoding":"chunked","status":"200 OK","vary":"X-PJAX, Accept-Encoding, Accept, X-Requested-With","etag":"W/\"19684b98d2efbaf9ddadc2987f2387b9\"","cache-control":"max-age=0, private, must-revalidate","strict-transport-security":"max-age=31536000; includeSubdomains; preload","x-frame-options":"deny","x-content-type-options":"nosniff","x-xss-protection":"1; mode=block","referrer-policy":"origin-when-cross-origin, strict-origin-when-cross-origin","expect-ct":"max-age=2592000, report-uri=\"https://api.github.com/_private/browser/errors\"","content-security-policy":"default-src 'none'; base-uri 'self'; block-all-mixed-content; connect-src 'self' uploads.github.com www.githubstatus.com collector.githubapp.com api.github.com github-cloud.s3.amazonaws.com github-production-repository-file-5c1aeb.s3.amazonaws.com github-production-upload-manifest-file-7fdce7.s3.amazonaws.com github-production-user-asset-6210df.s3.amazonaws.com cdn.optimizely.com logx.optimizely.com/v1/events wss://alive.github.com; font-src github.githubassets.com; form-action 'self' github.com gist.github.com; frame-ancestors 'none'; frame-src render.githubusercontent.com; img-src 'self' data: github.githubassets.com identicons.github.com collector.githubapp.com github-cloud.s3.amazonaws.com *.githubusercontent.com; manifest-src 'self'; media-src 'none'; script-src github.githubassets.com; style-src 'unsafe-inline' github.githubassets.com; worker-src github.com/socket-worker.js gist.github.com/socket-worker.js","x-github-request-id":"CB02:07B0:546DBC:852413:5FD26240"}
[debug] [2020-12-10T18:00:32.663Z] >>> [apiv2][query] GET https://api.github.com/user [none]
[debug] [2020-12-10T18:00:32.929Z] <<< [apiv2][status] GET https://api.github.com/user 200
[debug] [2020-12-10T18:00:32.930Z] <<< [apiv2][body] GET https://api.github.com/user {"login":"zjschulz","id":54207067,"node_id":"MDQ6VXNlcjU0MjA3MDY3","avatar_url":"https://avatars3.githubusercontent.com/u/54207067?v=4","gravatar_id":"","url":"https://api.github.com/users/zjschulz","html_url":"https://github.com/zjschulz","followers_url":"https://api.github.com/users/zjschulz/followers","following_url":"https://api.github.com/users/zjschulz/following{/other_user}","gists_url":"https://api.github.com/users/zjschulz/gists{/gist_id}","starred_url":"https://api.github.com/users/zjschulz/starred{/owner}{/repo}","subscriptions_url":"https://api.github.com/users/zjschulz/subscriptions","organizations_url":"https://api.github.com/users/zjschulz/orgs","repos_url":"https://api.github.com/users/zjschulz/repos","events_url":"https://api.github.com/users/zjschulz/events{/privacy}","received_events_url":"https://api.github.com/users/zjschulz/received_events","type":"User","site_admin":false,"name":"Zachary J Schulz","company":null,"blog":"","location":null,"email":null,"hireable":null,"bio":null,"twitter_username":null,"public_repos":337,"public_gists":0,"followers":0,"following":0,"created_at":"2019-08-17T10:44:55Z","updated_at":"2020-12-10T17:02:20Z","private_gists":0,"total_private_repos":1,"owned_private_repos":1,"disk_usage":81563,"collaborators":0,"two_factor_authentication":false,"plan":{"name":"free","space":976562499,"collaborators":0,"private_repos":10000}}
[info] 
[info] ✔  Success! Logged into GitHub as zjschulz 
[info] 
[debug] [2020-12-10T18:00:38.182Z] >>> [apiv2][query] GET https://api.github.com/repos/zjschulz/recipe-book/actions/secrets/public-key type=owner
[debug] [2020-12-10T18:00:38.338Z] <<< [apiv2][status] GET https://api.github.com/repos/zjschulz/recipe-book/actions/secrets/public-key 200
[debug] [2020-12-10T18:00:38.339Z] <<< [apiv2][body] GET https://api.github.com/repos/zjschulz/recipe-book/actions/secrets/public-key {"key_id":"568250167242549743","key":"v6r9u+RevqO/pnDlpWJpJO9jDUT+RIhK2urBV6agdnA="}
[debug] [2020-12-10T18:00:38.342Z] >>> [apiv2][query] GET https://api.github.com/repos/zjschulz/recipe-book [none]
[debug] [2020-12-10T18:02:48.369Z] ----------------------------------------------------------------------
[debug] [2020-12-10T18:02:48.370Z] Command:       /home/zjschulz/.config/nvm/versions/node/v14.4.0/bin/node /home/zjschulz/.config/nvm/versions/node/v14.4.0/bin/firebase init
[debug] [2020-12-10T18:02:48.370Z] CLI Version:   8.18.1
[debug] [2020-12-10T18:02:48.370Z] Platform:      linux
[debug] [2020-12-10T18:02:48.370Z] Node Version:  v14.4.0
[debug] [2020-12-10T18:02:48.371Z] Time:          Thu Dec 10 2020 18:02:48 GMT+0000 (GMT)
[debug] [2020-12-10T18:02:48.371Z] ----------------------------------------------------------------------
[debug] [2020-12-10T18:02:48.371Z] 
[debug] [2020-12-10T18:02:48.374Z] > command requires scopes: ["email","openid","https://www.googleapis.com/auth/cloudplatformprojects.readonly","https://www.googleapis.com/auth/firebase","https://www.googleapis.com/auth/cloud-platform"]
[debug] [2020-12-10T18:02:48.374Z] > authorizing via signed-in user
[info] 
     ######## #### ########  ######## ########     ###     ######  ########
     ##        ##  ##     ## ##       ##     ##  ##   ##  ##       ##
     ######    ##  ########  ######   ########  #########  ######  ######
     ##        ##  ##    ##  ##       ##     ## ##     ##       ## ##
     ##       #### ##     ## ######## ########  ##     ##  ######  ########

You're about to initialize a Firebase project in this directory:

  /home/zjschulz/code/labs/Udemy/recipe-book

[info] 
=== Project Setup
[info] 
[info] First, let's associate this project directory with a Firebase project.
[info] You can create multiple project aliases by running firebase use --add, 
[info] but for now we'll just set up a default project.
[info] 
[debug] [2020-12-10T18:02:52.355Z] >>> HTTP REQUEST GET https://firebase.googleapis.com/v1beta1/projects?pageSize=100  
 
[debug] [2020-12-10T18:02:52.702Z] <<< HTTP RESPONSE 200 {"content-type":"application/json; charset=UTF-8","vary":"X-Origin, Referer, Origin,Accept-Encoding","date":"Thu, 10 Dec 2020 18:02:52 GMT","server":"ESF","cache-control":"private","x-xss-protection":"0","x-frame-options":"SAMEORIGIN","x-content-type-options":"nosniff","alt-svc":"h3-29=\":443\"; ma=2592000,h3-T051=\":443\"; ma=2592000,h3-Q050=\":443\"; ma=2592000,h3-Q046=\":443\"; ma=2592000,h3-Q043=\":443\"; ma=2592000,quic=\":443\"; ma=2592000; v=\"46,43\"","accept-ranges":"none","transfer-encoding":"chunked"}
[info] i  Using project recipe-book-b0e4b (recipe-book) 
[info] 
=== Hosting Setup
[info] 
[info] Your public directory is the folder (relative to your project directory) that
[info] will contain Hosting assets to be uploaded with firebase deploy. If you
[info] have a build process for your assets, use your build's output directory.
[info] 
[debug] [2020-12-10T18:03:08.169Z] >>> [apiv2][query] GET https://www.gstatic.com/firebasejs/releases.json [none]
[debug] [2020-12-10T18:03:08.298Z] <<< [apiv2][status] GET https://www.gstatic.com/firebasejs/releases.json 200
[debug] [2020-12-10T18:03:08.298Z] <<< [apiv2][body] GET https://www.gstatic.com/firebasejs/releases.json {"current":{"version":"8.1.2","browserURL":"https://www.gstatic.com/firebasejs/8.1.2/firebase.js","packageURL":"https://www.gstatic.com/firebasejs/8.1.2/firebase.tgz"},"live":{"version":"8.1","browserURL":"https://www.gstatic.com/firebasejs/live/8.1/firebase.js","packageURL":"https://www.gstatic.com/firebasejs/live/8.1/firebase.tgz"},"components":{"analytics":"https://www.gstatic.com/firebasejs/8.1.2/firebase-analytics.js","app":"https://www.gstatic.com/firebasejs/8.1.2/firebase-app.js","auth":"https://www.gstatic.com/firebasejs/8.1.2/firebase-auth.js","database":"https://www.gstatic.com/firebasejs/8.1.2/firebase-database.js","firestore":"https://www.gstatic.com/firebasejs/8.1.2/firebase-firestore.js","functions":"https://www.gstatic.com/firebasejs/8.1.2/firebase-functions.js","installations":"https://www.gstatic.com/firebasejs/8.1.2/firebase-installations.js","messaging":"https://www.gstatic.com/firebasejs/8.1.2/firebase-messaging.js","storage":"https://www.gstatic.com/firebasejs/8.1.2/firebase-storage.js","performance":"https://www.gstatic.com/firebasejs/8.1.2/firebase-performance.js","remote-config":"https://www.gstatic.com/firebasejs/8.1.2/firebase-remote-config.js","firestore.memory":"https://www.gstatic.com/firebasejs/8.1.2/firebase-firestore.memory.js"}}
[info] i  Skipping write of dist/recipe-book/index.html 
[info] 
[info] i  Detected a .git folder at /home/zjschulz/code/labs/Udemy/recipe-book 
[info] i  Authorizing with GitHub to upload your service account to a GitHub repository's secrets store. 
[info] 
[info] Visit this URL on this device to log in:
[info] https://github.com/login/oauth/authorize?client_id=89cf50f02ac6aaed3484&state=539083472&redirect_uri=http%3A%2F%2Flocalhost%3A9005&scope=read%3Auser%20repo%20public_repo
[info] 
[info] Waiting for authentication...
[debug] [2020-12-10T18:03:19.076Z] >>> HTTP REQUEST POST https://github.com/login/oauth/access_token  
 {"client_id":"89cf50f02ac6aaed3484","client_secret":"3330d14abc895d9a74d5f17cd7a00711fa2c5bf0","code":"b6dd235b6b3b9a62fb4b","redirect_uri":"http://localhost:9005","state":"539083472"}
[debug] [2020-12-10T18:03:19.466Z] <<< HTTP RESPONSE 200 {"server":"GitHub.com","date":"Thu, 10 Dec 2020 18:03:19 GMT","content-type":"application/json; charset=utf-8","transfer-encoding":"chunked","status":"200 OK","vary":"X-PJAX, Accept-Encoding, Accept, X-Requested-With","etag":"W/\"5a7f5142ff9b5f323dbf5702069dda76\"","cache-control":"max-age=0, private, must-revalidate","strict-transport-security":"max-age=31536000; includeSubdomains; preload","x-frame-options":"deny","x-content-type-options":"nosniff","x-xss-protection":"1; mode=block","referrer-policy":"origin-when-cross-origin, strict-origin-when-cross-origin","expect-ct":"max-age=2592000, report-uri=\"https://api.github.com/_private/browser/errors\"","content-security-policy":"default-src 'none'; base-uri 'self'; block-all-mixed-content; connect-src 'self' uploads.github.com www.githubstatus.com collector.githubapp.com api.github.com github-cloud.s3.amazonaws.com github-production-repository-file-5c1aeb.s3.amazonaws.com github-production-upload-manifest-file-7fdce7.s3.amazonaws.com github-production-user-asset-6210df.s3.amazonaws.com cdn.optimizely.com logx.optimizely.com/v1/events wss://alive.github.com; font-src github.githubassets.com; form-action 'self' github.com gist.github.com; frame-ancestors 'none'; frame-src render.githubusercontent.com; img-src 'self' data: github.githubassets.com identicons.github.com collector.githubapp.com github-cloud.s3.amazonaws.com *.githubusercontent.com; manifest-src 'self'; media-src 'none'; script-src github.githubassets.com; style-src 'unsafe-inline' github.githubassets.com; worker-src github.com/socket-worker.js gist.github.com/socket-worker.js","x-github-request-id":"C2D8:2121:89A7B6:C8521E:5FD262E7"}
[debug] [2020-12-10T18:03:19.468Z] >>> [apiv2][query] GET https://api.github.com/user [none]
[debug] [2020-12-10T18:03:19.779Z] <<< [apiv2][status] GET https://api.github.com/user 200
[debug] [2020-12-10T18:03:19.780Z] <<< [apiv2][body] GET https://api.github.com/user {"login":"zjschulz","id":54207067,"node_id":"MDQ6VXNlcjU0MjA3MDY3","avatar_url":"https://avatars3.githubusercontent.com/u/54207067?v=4","gravatar_id":"","url":"https://api.github.com/users/zjschulz","html_url":"https://github.com/zjschulz","followers_url":"https://api.github.com/users/zjschulz/followers","following_url":"https://api.github.com/users/zjschulz/following{/other_user}","gists_url":"https://api.github.com/users/zjschulz/gists{/gist_id}","starred_url":"https://api.github.com/users/zjschulz/starred{/owner}{/repo}","subscriptions_url":"https://api.github.com/users/zjschulz/subscriptions","organizations_url":"https://api.github.com/users/zjschulz/orgs","repos_url":"https://api.github.com/users/zjschulz/repos","events_url":"https://api.github.com/users/zjschulz/events{/privacy}","received_events_url":"https://api.github.com/users/zjschulz/received_events","type":"User","site_admin":false,"name":"Zachary J Schulz","company":null,"blog":"","location":null,"email":null,"hireable":null,"bio":null,"twitter_username":null,"public_repos":337,"public_gists":0,"followers":0,"following":0,"created_at":"2019-08-17T10:44:55Z","updated_at":"2020-12-10T17:02:20Z","private_gists":0,"total_private_repos":1,"owned_private_repos":1,"disk_usage":81563,"collaborators":0,"two_factor_authentication":false,"plan":{"name":"free","space":976562499,"collaborators":0,"private_repos":10000}}
[info] 
[info] ✔  Success! Logged into GitHub as zjschulz 
[info] 
[debug] [2020-12-10T18:03:25.382Z] >>> [apiv2][query] GET https://api.github.com/repos/zjschulz/recipe-book/actions/secrets/public-key type=owner
[debug] [2020-12-10T18:03:25.577Z] <<< [apiv2][status] GET https://api.github.com/repos/zjschulz/recipe-book/actions/secrets/public-key 200
[debug] [2020-12-10T18:03:25.578Z] <<< [apiv2][body] GET https://api.github.com/repos/zjschulz/recipe-book/actions/secrets/public-key {"key_id":"568250167242549743","key":"v6r9u+RevqO/pnDlpWJpJO9jDUT+RIhK2urBV6agdnA="}
[debug] [2020-12-10T18:03:25.580Z] >>> [apiv2][query] GET https://api.github.com/repos/zjschulz/recipe-book [none]
